<?xml version="1.0" encoding="UTF-8"?>
<testng-results skipped="0" failed="0" total="3" passed="3">
  <reporter-output>
    <line>
      <![CDATA[Match found]]>
    </line>
    <line>
      <![CDATA[Match found]]>
    </line>
    <line>
      <![CDATA[Match found]]>
    </line>
  </reporter-output>
  <suite name="Default suite" duration-ms="11502" started-at="2016-06-24T04:50:42Z" finished-at="2016-06-24T04:50:53Z">
    <groups>
    </groups>
    <test name="Default test" duration-ms="11502" started-at="2016-06-24T04:50:42Z" finished-at="2016-06-24T04:50:53Z">
      <class name="Translation">
        <test-method status="PASS" signature="translate()[pri:0, instance:Translation@5372194e]" name="translate" is-config="true" duration-ms="11476" started-at="2016-06-24T10:20:42Z" finished-at="2016-06-24T10:20:53Z">
          <reporter-output>
          </reporter-output>
        </test-method> <!-- translate -->
        <test-method status="PASS" signature="test(java.lang.String, java.lang.String)[pri:0, instance:Translation@5372194e]" name="test" duration-ms="4" started-at="2016-06-24T10:20:53Z" data-provider="Fileobject" finished-at="2016-06-24T10:20:53Z">
          <params>
            <param index="0">
              <value>
                <![CDATA[Amor]]>
              </value>
            </param>
            <param index="1">
              <value>
                <![CDATA[Amor]]>
              </value>
            </param>
          </params>
          <reporter-output>
            <line>
              <![CDATA[Match found]]>
            </line>
          </reporter-output>
        </test-method> <!-- test -->
        <test-method status="PASS" signature="test(java.lang.String, java.lang.String)[pri:0, instance:Translation@5372194e]" name="test" duration-ms="2" started-at="2016-06-24T10:20:53Z" data-provider="Fileobject" finished-at="2016-06-24T10:20:53Z">
          <params>
            <param index="0">
              <value>
                <![CDATA[Hola]]>
              </value>
            </param>
            <param index="1">
              <value>
                <![CDATA[Hola]]>
              </value>
            </param>
          </params>
          <reporter-output>
            <line>
              <![CDATA[Match found]]>
            </line>
          </reporter-output>
        </test-method> <!-- test -->
        <test-method status="PASS" signature="test(java.lang.String, java.lang.String)[pri:0, instance:Translation@5372194e]" name="test" duration-ms="2" started-at="2016-06-24T10:20:53Z" data-provider="Fileobject" finished-at="2016-06-24T10:20:53Z">
          <params>
            <param index="0">
              <value>
                <![CDATA[Por qué]]>
              </value>
            </param>
            <param index="1">
              <value>
                <![CDATA[Por qué]]>
              </value>
            </param>
          </params>
          <reporter-output>
            <line>
              <![CDATA[Match found]]>
            </line>
          </reporter-output>
        </test-method> <!-- test -->
      </class> <!-- Translation -->
    </test> <!-- Default test -->
  </suite> <!-- Default suite -->
</testng-results>
